Exception encountered: #<SyntaxError: /home/rubyfin/rails_projects/sample_app/spec/models/user_spec.rb:28: syntax error, unexpected keyword_end, expecting $end>
backtrace:
/var/lib/gems/1.9.1/gems/activesupport-3.0.11/lib/active_support/dependencies.rb:235:in `load'
/var/lib/gems/1.9.1/gems/activesupport-3.0.11/lib/active_support/dependencies.rb:235:in `block in load'
/var/lib/gems/1.9.1/gems/activesupport-3.0.11/lib/active_support/dependencies.rb:227:in `load_dependency'
/var/lib/gems/1.9.1/gems/activesupport-3.0.11/lib/active_support/dependencies.rb:235:in `load'
/var/lib/gems/1.9.1/gems/rspec-core-2.6.4/lib/rspec/core/configuration.rb:419:in `block in load_spec_files'
/var/lib/gems/1.9.1/gems/rspec-core-2.6.4/lib/rspec/core/configuration.rb:419:in `map'
/var/lib/gems/1.9.1/gems/rspec-core-2.6.4/lib/rspec/core/configuration.rb:419:in `load_spec_files'
/var/lib/gems/1.9.1/gems/rspec-core-2.6.4/lib/rspec/core/command_line.rb:18:in `run'
/var/lib/gems/1.9.1/gems/rspec-core-2.6.4/lib/rspec/monkey/spork/test_framework/rspec.rb:5:in `run_tests'
/var/lib/gems/1.9.1/gems/spork-0.9.0.rc8/lib/spork/run_strategy/forking.rb:13:in `block in run'
/var/lib/gems/1.9.1/gems/spork-0.9.0.rc8/lib/spork/forker.rb:21:in `block in initialize'
/var/lib/gems/1.9.1/gems/spork-0.9.0.rc8/lib/spork/forker.rb:18:in `fork'
/var/lib/gems/1.9.1/gems/spork-0.9.0.rc8/lib/spork/forker.rb:18:in `initialize'
/var/lib/gems/1.9.1/gems/spork-0.9.0.rc8/lib/spork/run_strategy/forking.rb:9:in `new'
/var/lib/gems/1.9.1/gems/spork-0.9.0.rc8/lib/spork/run_strategy/forking.rb:9:in `run'
/var/lib/gems/1.9.1/gems/spork-0.9.0.rc8/lib/spork/server.rb:48:in `run'
/usr/lib/ruby/1.9.1/drb/drb.rb:1548:in `perform_without_block'
/usr/lib/ruby/1.9.1/drb/drb.rb:1508:in `perform'
/usr/lib/ruby/1.9.1/drb/drb.rb:1586:in `block (2 levels) in main_loop'
/usr/lib/ruby/1.9.1/drb/drb.rb:1582:in `loop'
/usr/lib/ruby/1.9.1/drb/drb.rb:1582:in `block in main_loop'
